INFO: kbplacer_plugin_action.py:70: Plugin version: 0.14
INFO: kbplacer_plugin_action.py:71: Python version: '3.9.13 (v3.9.13:6de2ca5339, May 17 2022, 11:37:23) \n[Clang 13.0.0 (clang-1300.0.29.30)]'
INFO: kbplacer_plugin_action.py:72: KiCad version: 9.0.3 with 4.2.2a1 osx-cocoa (phoenix) wxWidgets 3.2.8
INFO: kbplacer_dialog.py:631: Language: en
INFO: kbplacer_plugin_action.py:80: GUI state: {"layout_path": "/Users/carl/Documents/Setup/Keyboard/wooden-keyboard/kle/keyboard-layout.json", "key_distance": [19.05, 19.05], "key_info": {"annotation_format": "K_{}", "position_option": "Default", "position": {"x": 0.0, "y": 0.0, "orientation": 180.0, "side": "Back"}, "template_path": ""}, "enable_diode_placement": false, "route_switches_with_diodes": false, "optimize_diodes_orientation": false, "diode_info": {"annotation_format": "D_{}", "position_option": "Custom", "position": {"x": 3.81, "y": -5.0, "orientation": 180.0, "side": "Back"}, "template_path": ""}, "additional_elements": [], "route_rows_and_columns": false, "template_path": "", "generate_outline": false, "outline_delta": 2.0}
DEBUG: key_placer.py:424: Set key 1U distance: 19050000/19050000
WARNING: key_placer.py:134: Unexpected switch net position detected, each switch should have two unique nets unambiguously defining position in key matrix, switch-by-matrix association can't be used
DEBUG: key_placer.py:141: Switches by nets: {}
DEBUG: key_placer.py:145: Diodes by switch: {}
DEBUG: board_modifier.py:73: Searching for K_1 footprint in /Users/carl/Documents/Setup/Keyboard/wooden-keyboard/kicad/keyboard.kicad_pcb
INFO: key_placer.py:620: Looking for connection template between K_1 and other elements
DEBUG: board_modifier.py:107: Getting K_1 footprint position: (38100000, 38100000)
INFO: key_placer.py:664: Got connection template: Track [(10054000, 5509000) (7085000, 2540000)], Track [(10054000, 16494000) (10054000, 5509000)], Track [(11280000, 17720000) (10054000, 16494000)], Track [(11280000, 17720000) (7085000, 21915000)], Track [(7085000, 21915000) (7085000, 31115000)], Track [(7085000, 31115000) (11847500, 35877500)], Track [(11847500, 35877500) (11847500, 50165000)], Track [(11847500, 50165000) (14228750, 52546250)], Track [(14228750, 52546250) (14228750, 69215000)], Track [(14228750, 69215000) (14228750, 83502500)], Track [(14228750, 83502500) (9466250, 88265000)], Track [(9466250, 88265000) (9466250, 107315000)], Track [(-7280000, 5080000) (-5842000, 5080000)], Track [(-8600000, 6400000) (-7280000, 5080000)], Via [(-8600000, 6400000) (-8600000, 6400000)], Track [(-10826000, 8626000) (-8600000, 6400000)], Track [(-10826000, 17394000) (-10826000, 8626000)], Track [(-9700000, 18520000) (-10826000, 17394000)]
INFO: kle_serial.py:931: User layout: [{'switchMount': 'cherry', 'plate': True}, [{'a': 7}, 'Esc', {'x': 1}, 'F1', 'F2', 'F3', 'F4', {'x': 0.5}, 'F5', 'F6', 'F7', 'F8', {'x': 0.5}, 'F9', 'F10', 'F11', 'F12', {'x': 0.5}, ''], [{'y': 0.5, 'a': 5}, '\xb0\n\n\n\n\n\n^', '!\n\n\n\n\n\n1', '"\n\n\n\n\n\n2', '\xa7\n\n\n\n\n\n3', '$\n\n\n\n\n\n4', '%\n\n\n\n\n\n5', '&\n\n\n\n\n\n6', '/\n\n\n\n\n\n7', '(\n\n\n\n\n\n8', ')\n\n\n\n\n\n9', '=\n\n\n\n\n\n0', '?\n\n\n\n\n\n\xdf', '\n\xb4\n\n\n\n\n`', {'a': 7, 'w': 2}, 'Backspace', {'x': 0.5}, 'Del'], [{'w': 1.5}, 'Tab', 'Q', 'W', 'E', 'R', 'T', 'Z', 'U', 'I', 'O', 'P', '\xdc', {'a': 5}, '*\n\n\n\n\n\n+', {'x': 0.25, 'a': 7, 'w': 1.25, 'h': 2, 'w2': 1.5, 'h2': 1, 'x2': -0.25}, 'Enter', {'x': 0.5}, 'PgUp'], [{'w': 1.75}, 'CapsLk', 'A', 'S', 'D', 'F', 'G', 'H', 'J', 'K', 'L', '\xd6', '\xc4', {'a': 5}, "'\n\n\n\n\n\n#", {'x': 1.75, 'a': 7}, 'PgDn'], [{'w': 1.25}, 'Shift', {'a': 5}, '>\n\n\n\n\n\n<', {'a': 7}, 'Y', 'X', 'C', 'V', 'B', 'N', 'M', {'a': 5}, ';\n\n\n\n\n\n,', ':\n\n\n\n\n\n.', '_\n\n\n\n\n\n-', {'a': 7, 'w': 1.75}, 'Shift', {'x': 1.5}, 'PrtSc'], [{'y': -0.75, 'x': 14.25}, 'Up'], [{'y': -0.25, 'w': 1.25}, 'Ctrl', {'w': 1.25}, 'Opt', {'w': 1.25}, 'Cmd', {'w': 6.25}, '', 'Cmd', 'Fn', 'Ctrl'], [{'y': -0.75, 'x': 13.25}, 'Left', 'Down', 'Right']]
DEBUG: key_placer.py:724: Layout offset: (28575000, 28575000)
DEBUG: kle_serial.py:990: Layout with: x_ortholinear_keys=30, y_ortholinear_keys=14, rotated_keys=0, encoders=0, iso_enters=1 and unrecognized_shape_keys=0
DEBUG: kle_serial.py:1015: Layout tagged: [<KeyboardTag.ROW_STAGGERED: 2>, <KeyboardTag.ISO: 5>]
DEBUG: board_modifier.py:94: Setting K_1 footprint position: (38100000, 38100000)
DEBUG: board_modifier.py:94: Setting K_2 footprint position: (76200000, 38100000)
DEBUG: board_modifier.py:94: Setting K_3 footprint position: (95250000, 38100000)
DEBUG: board_modifier.py:94: Setting K_4 footprint position: (114300000, 38100000)
DEBUG: board_modifier.py:94: Setting K_5 footprint position: (133350000, 38100000)
DEBUG: board_modifier.py:94: Setting K_6 footprint position: (161925000, 38100000)
DEBUG: board_modifier.py:94: Setting K_7 footprint position: (180975000, 38100000)
DEBUG: board_modifier.py:94: Setting K_8 footprint position: (200025000, 38100000)
DEBUG: board_modifier.py:94: Setting K_9 footprint position: (219075000, 38100000)
DEBUG: board_modifier.py:94: Setting K_10 footprint position: (247650000, 38100000)
DEBUG: board_modifier.py:94: Setting K_11 footprint position: (266700000, 38100000)
DEBUG: board_modifier.py:94: Setting K_12 footprint position: (285750000, 38100000)
DEBUG: board_modifier.py:94: Setting K_13 footprint position: (304800000, 38100000)
DEBUG: board_modifier.py:94: Setting K_14 footprint position: (333375000, 38100000)
DEBUG: board_modifier.py:94: Setting K_15 footprint position: (38100000, 66675000)
DEBUG: board_modifier.py:94: Setting K_16 footprint position: (57150000, 66675000)
DEBUG: board_modifier.py:94: Setting K_17 footprint position: (76200000, 66675000)
DEBUG: board_modifier.py:94: Setting K_18 footprint position: (95250000, 66675000)
DEBUG: board_modifier.py:94: Setting K_19 footprint position: (114300000, 66675000)
DEBUG: board_modifier.py:94: Setting K_20 footprint position: (133350000, 66675000)
DEBUG: board_modifier.py:94: Setting K_21 footprint position: (152400000, 66675000)
DEBUG: board_modifier.py:94: Setting K_22 footprint position: (171450000, 66675000)
DEBUG: board_modifier.py:94: Setting K_23 footprint position: (190500000, 66675000)
DEBUG: board_modifier.py:94: Setting K_24 footprint position: (209550000, 66675000)
DEBUG: board_modifier.py:94: Setting K_25 footprint position: (228600000, 66675000)
DEBUG: board_modifier.py:94: Setting K_26 footprint position: (247650000, 66675000)
DEBUG: board_modifier.py:94: Setting K_27 footprint position: (266700000, 66675000)
DEBUG: board_modifier.py:94: Setting K_28 footprint position: (295275000, 66675000)
DEBUG: board_modifier.py:94: Setting K_29 footprint position: (333375000, 66675000)
DEBUG: board_modifier.py:94: Setting K_30 footprint position: (42862500, 85725000)
DEBUG: board_modifier.py:94: Setting K_31 footprint position: (66675000, 85725000)
DEBUG: board_modifier.py:94: Setting K_32 footprint position: (85725000, 85725000)
DEBUG: board_modifier.py:94: Setting K_33 footprint position: (104775000, 85725000)
DEBUG: board_modifier.py:94: Setting K_34 footprint position: (123825000, 85725000)
DEBUG: board_modifier.py:94: Setting K_35 footprint position: (142875000, 85725000)
DEBUG: board_modifier.py:94: Setting K_36 footprint position: (161925000, 85725000)
DEBUG: board_modifier.py:94: Setting K_37 footprint position: (180975000, 85725000)
DEBUG: board_modifier.py:94: Setting K_38 footprint position: (200025000, 85725000)
DEBUG: board_modifier.py:94: Setting K_39 footprint position: (219075000, 85725000)
DEBUG: board_modifier.py:94: Setting K_40 footprint position: (238125000, 85725000)
DEBUG: board_modifier.py:94: Setting K_41 footprint position: (257175000, 85725000)
DEBUG: board_modifier.py:94: Setting K_42 footprint position: (276225000, 85725000)
DEBUG: board_modifier.py:94: Setting K_43 footprint position: (302418750, 95250000)
DEBUG: board_modifier.py:94: Setting K_44 footprint position: (333375000, 85725000)
DEBUG: board_modifier.py:94: Setting K_45 footprint position: (45243750, 104775000)
DEBUG: board_modifier.py:94: Setting K_46 footprint position: (71437500, 104775000)
DEBUG: board_modifier.py:94: Setting K_47 footprint position: (90487500, 104775000)
DEBUG: board_modifier.py:94: Setting K_48 footprint position: (109537500, 104775000)
DEBUG: board_modifier.py:94: Setting K_49 footprint position: (128587500, 104775000)
DEBUG: board_modifier.py:94: Setting K_50 footprint position: (147637500, 104775000)
DEBUG: board_modifier.py:94: Setting K_51 footprint position: (166687500, 104775000)
DEBUG: board_modifier.py:94: Setting K_52 footprint position: (185737500, 104775000)
DEBUG: board_modifier.py:94: Setting K_53 footprint position: (204787500, 104775000)
DEBUG: board_modifier.py:94: Setting K_54 footprint position: (223837500, 104775000)
DEBUG: board_modifier.py:94: Setting K_55 footprint position: (242887500, 104775000)
DEBUG: board_modifier.py:94: Setting K_56 footprint position: (261937500, 104775000)
DEBUG: board_modifier.py:94: Setting K_57 footprint position: (280987500, 104775000)
DEBUG: board_modifier.py:94: Setting K_58 footprint position: (333375000, 104775000)
DEBUG: board_modifier.py:94: Setting K_59 footprint position: (40481250, 123825000)
DEBUG: board_modifier.py:94: Setting K_60 footprint position: (61912500, 123825000)
DEBUG: board_modifier.py:94: Setting K_61 footprint position: (80962500, 123825000)
DEBUG: board_modifier.py:94: Setting K_62 footprint position: (100012500, 123825000)
DEBUG: board_modifier.py:94: Setting K_63 footprint position: (119062500, 123825000)
DEBUG: board_modifier.py:94: Setting K_64 footprint position: (138112500, 123825000)
DEBUG: board_modifier.py:94: Setting K_65 footprint position: (157162500, 123825000)
DEBUG: board_modifier.py:94: Setting K_66 footprint position: (176212500, 123825000)
DEBUG: board_modifier.py:94: Setting K_67 footprint position: (195262500, 123825000)
DEBUG: board_modifier.py:94: Setting K_68 footprint position: (214312500, 123825000)
DEBUG: board_modifier.py:94: Setting K_69 footprint position: (233362500, 123825000)
DEBUG: board_modifier.py:94: Setting K_70 footprint position: (252412500, 123825000)
DEBUG: board_modifier.py:94: Setting K_71 footprint position: (278606250, 123825000)
DEBUG: board_modifier.py:94: Setting K_72 footprint position: (333375000, 123825000)
DEBUG: board_modifier.py:94: Setting K_73 footprint position: (309562500, 128587500)
DEBUG: board_modifier.py:94: Setting K_74 footprint position: (40481250, 142875000)
DEBUG: board_modifier.py:94: Setting K_75 footprint position: (64293750, 142875000)
DEBUG: board_modifier.py:94: Setting K_76 footprint position: (88106250, 142875000)
DEBUG: board_modifier.py:94: Setting K_77 footprint position: (159543750, 142875000)
DEBUG: board_modifier.py:94: Setting K_78 footprint position: (228600000, 142875000)
DEBUG: board_modifier.py:94: Setting K_79 footprint position: (247650000, 142875000)
DEBUG: board_modifier.py:94: Setting K_80 footprint position: (266700000, 142875000)
DEBUG: board_modifier.py:94: Setting K_81 footprint position: (290512500, 147637500)
DEBUG: board_modifier.py:94: Setting K_82 footprint position: (309562500, 147637500)
DEBUG: board_modifier.py:94: Setting K_83 footprint position: (328612500, 147637500)
INFO: key_placer.py:1078: Diode info: [ElementInfo(annotation_format='D_{}', position_option=<PositionOption.UNCHANGED: 'Unchanged'>, position=ElementPosition(x=3.81, y=-5.0, orientation=180.0, side=<Side.BACK: 'Back'>), template_path='')]
